#
# There is insufficient memory for the Java Runtime Environment to continue.
# Native memory allocation (malloc) failed to allocate 161456 bytes for Chunk::new
# Possible reasons:
#   The system is out of physical RAM or swap space
#   In 32 bit mode, the process size limit was hit
# Possible solutions:
#   Reduce memory load on the system
#   Increase physical memory or swap space
#   Check if swap backing store is full
#   Use 64 bit Java on a 64 bit OS
#   Decrease Java heap size (-Xmx/-Xms)
#   Decrease number of Java threads
#   Decrease Java thread stack sizes (-Xss)
#   Set larger code cache with -XX:ReservedCodeCacheSize=
# This output file may be truncated or incomplete.
#
#  Out of Memory Error (allocation.cpp:323), pid=5356, tid=4448
#
# JRE version: Java(TM) SE Runtime Environment (7.0_45-b18) (build 1.7.0_45-b18)
# Java VM: Java HotSpot(TM) 64-Bit Server VM (24.45-b08 mixed mode windows-amd64 compressed oops)
# Failed to write core dump. Minidumps are not enabled by default on client versions of Windows
#

---------------  T H R E A D  ---------------

Current thread (0x0000000007cfd800):  JavaThread "C2 CompilerThread1" daemon [_thread_in_native, id=4448, stack(0x0000000009380000,0x0000000009480000)]

Stack: [0x0000000009380000,0x0000000009480000]

Current CompileTask:
C2:   3652  162             com.android.dx.ssa.Dominators::run (506 bytes)


---------------  P R O C E S S  ---------------

Java Threads: ( => current thread )
  0x0000000007d03800 JavaThread "Service Thread" daemon [_thread_blocked, id=8856, stack(0x0000000009480000,0x0000000009580000)]
=>0x0000000007cfd800 JavaThread "C2 CompilerThread1" daemon [_thread_in_native, id=4448, stack(0x0000000009380000,0x0000000009480000)]
  0x0000000007cf3800 JavaThread "C2 CompilerThread0" daemon [_thread_blocked, id=4488, stack(0x0000000009280000,0x0000000009380000)]
  0x0000000007cf2800 JavaThread "Attach Listener" daemon [_thread_blocked, id=4852, stack(0x0000000009180000,0x0000000009280000)]
  0x0000000007cef800 JavaThread "Signal Dispatcher" daemon [_thread_blocked, id=4716, stack(0x0000000009080000,0x0000000009180000)]
  0x0000000007cbe800 JavaThread "Finalizer" daemon [_thread_blocked, id=8968, stack(0x0000000008f80000,0x0000000009080000)]
  0x0000000007cb3000 JavaThread "Reference Handler" daemon [_thread_blocked, id=8180, stack(0x0000000008e80000,0x0000000008f80000)]
  0x0000000001d3d800 JavaThread "main" [_thread_in_Java, id=7552, stack(0x0000000001bf0000,0x0000000001cf0000)]

Other Threads:
  0x0000000007cb1000 VMThread [stack: 0x0000000008d80000,0x0000000008e80000] [id=4772]
  0x0000000007d12000 WatcherThread [stack: 0x0000000009580000,0x0000000009680000] [id=6176]

VM state:not at safepoint (normal execution)

VM Mutex/Monitor currently owned by a thread: None

Heap
 PSYoungGen      total 18944K, used 6472K [0x00000000eaa80000, 0x00000000ebf80000, 0x0000000100000000)
  eden space 16384K, 24% used [0x00000000eaa80000,0x00000000eae575a0,0x00000000eba80000)
  from space 2560K, 99% used [0x00000000eba80000,0x00000000ebcfaaa8,0x00000000ebd00000)
  to   space 2560K, 0% used [0x00000000ebd00000,0x00000000ebd00000,0x00000000ebf80000)
 ParOldGen       total 42496K, used 1586K [0x00000000c0000000, 0x00000000c2980000, 0x00000000eaa80000)
  object space 42496K, 3% used [0x00000000c0000000,0x00000000c018ca10,0x00000000c2980000)
 PSPermGen       total 21504K, used 5344K [0x00000000bae00000, 0x00000000bc300000, 0x00000000c0000000)
  object space 21504K, 24% used [0x00000000bae00000,0x00000000bb3382f0,0x00000000bc300000)

Card table byte_map: [0x0000000004f00000,0x0000000005130000] byte_map_base: 0x0000000004929000

Polling page: 0x0000000001bb0000

Code Cache  [0x0000000001e40000, 0x00000000020b0000, 0x0000000004e40000)
 total_blobs=396 nmethods=162 adapters=186 free_code_cache=48440Kb largest_free_block=49547008

Compilation events (10 events):
Event: 3.536 Thread 0x0000000007cf3800 nmethod 158 0x0000000001ee7bd0 code [0x0000000001ee7d00, 0x0000000001ee7d98]
Event: 3.542 Thread 0x0000000007cfd800  159             com.android.dx.ssa.LocalVariableExtractor::processBlock (383 bytes)
Event: 3.545 Thread 0x0000000007cf3800  160             com.android.dx.ssa.SsaRenamer$BlockRenamer::process (191 bytes)
Event: 3.596 Thread 0x0000000007cfd800 nmethod 159 0x0000000001ef2710 code [0x0000000001ef29e0, 0x0000000001ef4208]
Event: 3.596 Thread 0x0000000007cfd800  161             com.android.dx.rop.code.RegisterSpec::makeLocalOptional (7 bytes)
Event: 3.597 Thread 0x0000000007cfd800 nmethod 161 0x0000000001ee7990 code [0x0000000001ee7ae0, 0x0000000001ee7b48]
Event: 3.609 Thread 0x0000000007cfd800  162             com.android.dx.ssa.Dominators::run (506 bytes)
Event: 3.625 Thread 0x0000000007cf3800 nmethod 160 0x0000000001ef9f10 code [0x0000000001efa280, 0x0000000001efc058]
Event: 3.625 Thread 0x0000000007cf3800  163             com.android.dx.ssa.SsaBasicBlock::getRopLabel (5 bytes)
Event: 3.626 Thread 0x0000000007cf3800 nmethod 163 0x0000000001ee7790 code [0x0000000001ee78c0, 0x0000000001ee7918]

GC Heap History (2 events):
Event: 2.784 GC heap before
{Heap before GC invocations=1 (full 0):
 PSYoungGen      total 18944K, used 16384K [0x00000000eaa80000, 0x00000000ebf80000, 0x0000000100000000)
  eden space 16384K, 100% used [0x00000000eaa80000,0x00000000eba80000,0x00000000eba80000)
  from space 2560K, 0% used [0x00000000ebd00000,0x00000000ebd00000,0x00000000ebf80000)
  to   space 2560K, 0% used [0x00000000eba80000,0x00000000eba80000,0x00000000ebd00000)
 ParOldGen       total 42496K, used 0K [0x00000000c0000000, 0x00000000c2980000, 0x00000000eaa80000)
  object space 42496K, 0% used [0x00000000c0000000,0x00000000c0000000,0x00000000c2980000)
 PSPermGen       total 21504K, used 5314K [0x00000000bae00000, 0x00000000bc300000, 0x00000000c0000000)
  object space 21504K, 24% used [0x00000000bae00000,0x00000000bb330828,0x00000000bc300000)
Event: 2.823 GC heap after
Heap after GC invocations=1 (full 0):
 PSYoungGen      total 18944K, used 2538K [0x00000000eaa80000, 0x00000000ebf80000, 0x0000000100000000)
  eden space 16384K, 0% used [0x00000000eaa80000,0x00000000eaa80000,0x00000000eba80000)
  from space 2560K, 99% used [0x00000000eba80000,0x00000000ebcfaaa8,0x00000000ebd00000)
  to   space 2560K, 0% used [0x00000000ebd00000,0x00000000ebd00000,0x00000000ebf80000)
 ParOldGen       total 42496K, used 1586K [0x00000000c0000000, 0x00000000c2980000, 0x00000000eaa80000)
  object space 42496K, 3% used [0x00000000c0000000,0x00000000c018ca10,0x00000000c2980000)
 PSPermGen       total 21504K, used 5314K [0x00000000bae00000, 0x00000000bc300000, 0x00000000c0000000)
  object space 21504K, 24% used [0x00000000bae00000,0x00000000bb330828,0x00000000bc300000)
}

Deoptimization events (6 events):
Event: 2.177 Thread 0x0000000001d3d800 Uncommon trap: reason=null_check action=make_not_entrant pc=0x0000000001ec6940 method=com.android.dx.rop.code.LocalItem.equals(Ljava/lang/Object;)Z @ 1
Event: 2.204 Thread 0x0000000001d3d800 Uncommon trap: reason=bimorphic action=maybe_recompile pc=0x0000000001eb58cc method=com.android.dx.ssa.NormalSsaInsn.accept(Lcom/android/dx/ssa/SsaInsn$Visitor;)V @ 9
Event: 2.204 Thread 0x0000000001d3d800 Uncommon trap: reason=bimorphic action=maybe_recompile pc=0x0000000001eb58cc method=com.android.dx.ssa.NormalSsaInsn.accept(Lcom/android/dx/ssa/SsaInsn$Visitor;)V @ 9
Event: 2.206 Thread 0x0000000001d3d800 Uncommon trap: reason=bimorphic action=maybe_recompile pc=0x0000000001eb58cc method=com.android.dx.ssa.NormalSsaInsn.accept(Lcom/android/dx/ssa/SsaInsn$Visitor;)V @ 9
Event: 2.207 Thread 0x0000000001d3d800 Uncommon trap: reason=bimorphic action=maybe_recompile pc=0x0000000001eb58cc method=com.android.dx.ssa.NormalSsaInsn.accept(Lcom/android/dx/ssa/SsaInsn$Visitor;)V @ 9
Event: 3.598 Thread 0x0000000001d3d800 Uncommon trap: reason=null_check action=make_not_entrant pc=0x0000000001ef3ea8 method=com.android.dx.rop.code.RegisterSpec.equals(Ljava/lang/Object;)Z @ 1

Internal exceptions (10 events):
Event: 0.975 Thread 0x0000000001d3d800 Threw 0x00000000eb1a52e0 at C:\re\jdk7u45\229\hotspot\src\share\vm\prims\jvm.cpp:1244
Event: 1.027 Thread 0x0000000001d3d800 Threw 0x00000000eb1ba7c0 at C:\re\jdk7u45\229\hotspot\src\share\vm\prims\jvm.cpp:1244
Event: 1.191 Thread 0x0000000001d3d800 Threw 0x00000000eb21c228 at C:\re\jdk7u45\229\hotspot\src\share\vm\prims\jvm.cpp:1244
Event: 1.396 Thread 0x0000000001d3d800 Threw 0x00000000eb32a190 at C:\re\jdk7u45\229\hotspot\src\share\vm\prims\jvm.cpp:1244
Event: 1.397 Thread 0x0000000001d3d800 Threw 0x00000000eb32c358 at C:\re\jdk7u45\229\hotspot\src\share\vm\prims\jvm.cpp:1244
Event: 1.706 Thread 0x0000000001d3d800 Threw 0x00000000eb479a20 at C:\re\jdk7u45\229\hotspot\src\share\vm\prims\jvm.cpp:1244
Event: 2.084 Thread 0x0000000001d3d800 Threw 0x00000000eb61c738 at C:\re\jdk7u45\229\hotspot\src\share\vm\prims\jvm.cpp:1244
Event: 2.177 Thread 0x0000000001d3d800 Implicit null exception at 0x0000000001ec6563 to 0x0000000001ec692d
Event: 2.420 Thread 0x0000000001d3d800 Threw 0x00000000eb76d0e8 at C:\re\jdk7u45\229\hotspot\src\share\vm\prims\jvm.cpp:1244
Event: 3.598 Thread 0x0000000001d3d800 Implicit null exception at 0x0000000001ef2e12 to 0x0000000001ef3e79

Events (10 events):
Event: 2.207 Thread 0x0000000001d3d800 Uncommon trap: trap_request=0xffffffc6 fr.pc=0x0000000001eb58cc
Event: 2.207 Thread 0x0000000001d3d800 DEOPT PACKING pc=0x0000000001eb58cc sp=0x0000000001ceece0
Event: 2.207 Thread 0x0000000001d3d800 DEOPT UNPACKING pc=0x0000000001e775a4 sp=0x0000000001ceec30 mode 2
Event: 2.420 loading class 0x00000000098bcbd0
Event: 2.420 loading class 0x00000000098bcbd0 done
Event: 2.784 Executing VM operation: ParallelGCFailedAllocation
Event: 2.823 Executing VM operation: ParallelGCFailedAllocation done
Event: 3.598 Thread 0x0000000001d3d800 Uncommon trap: trap_request=0xfffffff4 fr.pc=0x0000000001ef3ea8
Event: 3.598 Thread 0x0000000001d3d800 DEOPT PACKING pc=0x0000000001ef3ea8 sp=0x0000000001ceed10
Event: 3.598 Thread 0x0000000001d3d800 DEOPT UNPACKING pc=0x0000000001e775a4 sp=0x0000000001ceec28 mode 2


Dynamic libraries:
0x00007ff6ee270000 - 0x00007ff6ee2a3000 	C:\Program Files\Java\jdk1.7.0_45\bin\java.exe
0x00007ffd49030000 - 0x00007ffd491d9000 	C:\Windows\SYSTEM32\ntdll.dll
0x00007ffd46f40000 - 0x00007ffd47079000 	C:\Windows\system32\KERNEL32.DLL
0x00007ffd46480000 - 0x00007ffd4658e000 	C:\Windows\system32\KERNELBASE.dll
0x00007ffd44fe0000 - 0x00007ffd4506b000 	C:\Windows\system32\apphelp.dll
0x00007ffd27940000 - 0x00007ffd2798f000 	C:\Windows\AppPatch\AppPatch64\AcGenral.DLL
0x00007ffd478d0000 - 0x00007ffd47977000 	C:\Windows\system32\msvcrt.dll
0x00007ffd46260000 - 0x00007ffd4628b000 	C:\Windows\SYSTEM32\SspiCli.dll
0x00007ffd47790000 - 0x00007ffd477e1000 	C:\Windows\system32\SHLWAPI.dll
0x00007ffd47a90000 - 0x00007ffd47c01000 	C:\Windows\system32\USER32.dll
0x00007ffd468c0000 - 0x00007ffd46a36000 	C:\Windows\system32\ole32.dll
0x00007ffd47c10000 - 0x00007ffd4901f000 	C:\Windows\system32\SHELL32.dll
0x00007ffd45d40000 - 0x00007ffd45d5f000 	C:\Windows\SYSTEM32\USERENV.dll
0x00007ffd47980000 - 0x00007ffd47a25000 	C:\Windows\system32\ADVAPI32.dll
0x00007ffd3da70000 - 0x00007ffd3da8b000 	C:\Windows\SYSTEM32\MPR.dll
0x00007ffd475e0000 - 0x00007ffd47716000 	C:\Windows\system32\RPCRT4.dll
0x00007ffd47720000 - 0x00007ffd47777000 	C:\Windows\SYSTEM32\sechost.dll
0x00007ffd47400000 - 0x00007ffd475d7000 	C:\Windows\SYSTEM32\combase.dll
0x00007ffd47130000 - 0x00007ffd47275000 	C:\Windows\system32\GDI32.dll
0x00007ffd463b0000 - 0x00007ffd463c4000 	C:\Windows\SYSTEM32\profapi.dll
0x00007ffd449e0000 - 0x00007ffd44a81000 	C:\Windows\SYSTEM32\SHCORE.dll
0x00007ffd473c0000 - 0x00007ffd473f4000 	C:\Windows\system32\IMM32.DLL
0x00007ffd47280000 - 0x00007ffd473b8000 	C:\Windows\system32\MSCTF.dll
0x00007ffd445a0000 - 0x00007ffd447fa000 	C:\Windows\WinSxS\amd64_microsoft.windows.common-controls_6595b64144ccf1df_6.0.9600.16384_none_62475f7becb72503\COMCTL32.dll
0x000000005a950000 - 0x000000005aa22000 	C:\Program Files\Java\jdk1.7.0_45\jre\bin\msvcr100.dll
0x000000005ac10000 - 0x000000005b3d9000 	C:\Program Files\Java\jdk1.7.0_45\jre\bin\server\jvm.dll
0x00007ffd443a0000 - 0x00007ffd443a9000 	C:\Windows\SYSTEM32\WSOCK32.dll
0x00007ffd43fc0000 - 0x00007ffd43fdf000 	C:\Windows\SYSTEM32\WINMM.dll
0x00007ffd47780000 - 0x00007ffd47787000 	C:\Windows\system32\PSAPI.DLL
0x00007ffd47a30000 - 0x00007ffd47a88000 	C:\Windows\system32\WS2_32.dll
0x00007ffd43f20000 - 0x00007ffd43f4a000 	C:\Windows\SYSTEM32\WINMMBASE.dll
0x00007ffd49020000 - 0x00007ffd49029000 	C:\Windows\system32\NSI.dll
0x00007ffd46870000 - 0x00007ffd468ba000 	C:\Windows\SYSTEM32\cfgmgr32.dll
0x00007ffd45250000 - 0x00007ffd45276000 	C:\Windows\SYSTEM32\DEVOBJ.dll
0x000000005e510000 - 0x000000005e51f000 	C:\Program Files\Java\jdk1.7.0_45\jre\bin\verify.dll
0x000000005e4e0000 - 0x000000005e508000 	C:\Program Files\Java\jdk1.7.0_45\jre\bin\java.dll
0x000000005e2d0000 - 0x000000005e2e5000 	C:\Program Files\Java\jdk1.7.0_45\jre\bin\zip.dll
0x000000005abf0000 - 0x000000005ac09000 	C:\Program Files\Java\jdk1.7.0_45\jre\bin\net.dll
0x00007ffd45ca0000 - 0x00007ffd45cf8000 	C:\Windows\system32\mswsock.dll
0x000000005abd0000 - 0x000000005abe1000 	C:\Program Files\Java\jdk1.7.0_45\jre\bin\nio.dll

VM Arguments:
jvm_args: -Xmx1024M -Dfile.encoding=windows-1252 -Duser.country=US -Duser.language=en -Duser.variant 
java_command: com.android.dx.command.Main --dex --output C:\Users\ArrivalDwiS\Documents\workspace\Kandani-master\app\build\intermediates\pre-dexed\debug\classes-9d83d0b5d05b0f71f97ac668e27f7bf743c5838e.jar C:\Users\ArrivalDwiS\Documents\workspace\Kandani-master\app\build\intermediates\exploded-aar\com.android.support\support-v4\22.1.1\jars\classes.jar
Launcher Type: SUN_STANDARD

Environment Variables:
JAVA_HOME=C:\Program Files\Java\jre7
PATH=C:\Program Files\ImageMagick-6.9.1-Q16;C:\Perl64\site\bin;C:\Perl64\bin;C:\ProgramData\Oracle\Java\javapath;C:\Windows\system32;C:\Windows;C:\Windows\System32\Wbem;C:\Windows\System32\WindowsPowerShell\v1.0\;C:\Program Files\TortoiseGit\bin;C:\xampp\php;C:\ProgramData\ComposerSetup\bin;C:\Program Files\Microsoft SQL Server\110\Tools\Binn\;C:\Program Files\Microsoft SQL Server\110\DTS\Binn\;C:\Program Files (x86)\Microsoft SQL Server\110\Tools\Binn\;C:\Program Files (x86)\Microsoft SQL Server\110\Tools\Binn\ManagementStudio\;C:\Program Files (x86)\Microsoft Visual Studio 10.0\Common7\IDE\PrivateAssemblies\;C:\Program Files (x86)\Microsoft SQL Server\110\DTS\Binn\;C:\Program Files\Microsoft\Web Platform Installer\;C:\Program Files (x86)\Microsoft ASP.NET\ASP.NET Web Pages\v1.0\;C:\Program Files (x86)\Windows Kits\8.0\Windows Performance Toolkit\;C:\Program Files (x86)\QuickTime\QTSystem\;C:\Program Files (x86)\GtkSharp\2.12\bin;C:\Program Files\Java\jdk1.7.0_45\bin;;C:\Program Files (x86)\NVIDIA Corporation\PhysX\Common;C:\Program Files\nodejs\;C:\Users\ArrivalDwiS\AppData\Roaming\npm;C:\Program Files (x86)\Git\bin
USERNAME=ArrivalDwiS
OS=Windows_NT
PROCESSOR_IDENTIFIER=Intel64 Family 6 Model 69 Stepping 1, GenuineIntel



---------------  S Y S T E M  ---------------

OS: Windows 8 , 64 bit Build 9200 

CPU:total 4 (2 cores per cpu, 2 threads per core) family 6 model 69 stepping 1, cmov, cx8, fxsr, mmx, sse, sse2, sse3, ssse3, sse4.1, sse4.2, popcnt, avx, avx2, aes, erms, ht, tsc, tscinvbit

Memory: 4k page, physical 4095984k(840376k free), swap 16678896k(5172k free)

vm_info: Java HotSpot(TM) 64-Bit Server VM (24.45-b08) for windows-amd64 JRE (1.7.0_45-b18), built on Oct  8 2013 05:47:22 by "java_re" with unknown MS VC++:1600

time: Thu Jun 04 21:33:46 2015
elapsed time: 3 seconds

