#
# There is insufficient memory for the Java Runtime Environment to continue.
# Native memory allocation (malloc) failed to allocate 367696 bytes for Chunk::new
# Possible reasons:
#   The system is out of physical RAM or swap space
#   In 32 bit mode, the process size limit was hit
# Possible solutions:
#   Reduce memory load on the system
#   Increase physical memory or swap space
#   Check if swap backing store is full
#   Use 64 bit Java on a 64 bit OS
#   Decrease Java heap size (-Xmx/-Xms)
#   Decrease number of Java threads
#   Decrease Java thread stack sizes (-Xss)
#   Set larger code cache with -XX:ReservedCodeCacheSize=
# This output file may be truncated or incomplete.
#
#  Out of Memory Error (allocation.cpp:323), pid=5508, tid=732
#
# JRE version: Java(TM) SE Runtime Environment (7.0_45-b18) (build 1.7.0_45-b18)
# Java VM: Java HotSpot(TM) 64-Bit Server VM (24.45-b08 mixed mode windows-amd64 compressed oops)
# Failed to write core dump. Minidumps are not enabled by default on client versions of Windows
#

---------------  T H R E A D  ---------------

Current thread (0x00000000083fe800):  JavaThread "C2 CompilerThread1" daemon [_thread_in_native, id=732, stack(0x0000000009a60000,0x0000000009b60000)]

Stack: [0x0000000009a60000,0x0000000009b60000]

Current CompileTask:
C2:   3627  154             com.android.dx.ssa.SsaMethod::forEachBlockDepthFirst (194 bytes)


---------------  P R O C E S S  ---------------

Java Threads: ( => current thread )
  0x0000000008404800 JavaThread "Service Thread" daemon [_thread_blocked, id=8052, stack(0x0000000009b60000,0x0000000009c60000)]
=>0x00000000083fe800 JavaThread "C2 CompilerThread1" daemon [_thread_in_native, id=732, stack(0x0000000009a60000,0x0000000009b60000)]
  0x00000000083f5000 JavaThread "C2 CompilerThread0" daemon [_thread_blocked, id=2128, stack(0x0000000009960000,0x0000000009a60000)]
  0x00000000083f4000 JavaThread "Attach Listener" daemon [_thread_blocked, id=4116, stack(0x0000000009860000,0x0000000009960000)]
  0x00000000083f1000 JavaThread "Signal Dispatcher" daemon [_thread_blocked, id=7664, stack(0x0000000009760000,0x0000000009860000)]
  0x00000000083be800 JavaThread "Finalizer" daemon [_thread_blocked, id=7124, stack(0x0000000009660000,0x0000000009760000)]
  0x00000000083b3000 JavaThread "Reference Handler" daemon [_thread_blocked, id=5336, stack(0x0000000009560000,0x0000000009660000)]
  0x000000000233d800 JavaThread "main" [_thread_in_Java, id=2060, stack(0x0000000002340000,0x0000000002440000)]

Other Threads:
  0x00000000083b1000 VMThread [stack: 0x0000000009460000,0x0000000009560000] [id=7572]
  0x0000000008413000 WatcherThread [stack: 0x0000000009c60000,0x0000000009d60000] [id=7468]

VM state:not at safepoint (normal execution)

VM Mutex/Monitor currently owned by a thread: None

Heap
 PSYoungGen      total 18944K, used 4813K [0x00000000eaa80000, 0x00000000ebf80000, 0x0000000100000000)
  eden space 16384K, 13% used [0x00000000eaa80000,0x00000000eacb8a40,0x00000000eba80000)
  from space 2560K, 99% used [0x00000000eba80000,0x00000000ebcfaaa8,0x00000000ebd00000)
  to   space 2560K, 0% used [0x00000000ebd00000,0x00000000ebd00000,0x00000000ebf80000)
 ParOldGen       total 42496K, used 1632K [0x00000000c0000000, 0x00000000c2980000, 0x00000000eaa80000)
  object space 42496K, 3% used [0x00000000c0000000,0x00000000c0198060,0x00000000c2980000)
 PSPermGen       total 21504K, used 5384K [0x00000000bae00000, 0x00000000bc300000, 0x00000000c0000000)
  object space 21504K, 25% used [0x00000000bae00000,0x00000000bb342008,0x00000000bc300000)

Card table byte_map: [0x0000000005600000,0x0000000005830000] byte_map_base: 0x0000000005029000

Polling page: 0x00000000022c0000

Code Cache  [0x0000000002540000, 0x00000000027b0000, 0x0000000005540000)
 total_blobs=387 nmethods=153 adapters=186 free_code_cache=48488Kb largest_free_block=49614656

Compilation events (10 events):
Event: 3.295 Thread 0x00000000083fe800  150             com.android.dx.util.MutabilityControl::throwIfMutable (18 bytes)
Event: 3.296 Thread 0x00000000083fe800 nmethod 150 0x00000000025db510 code [0x00000000025db640, 0x00000000025db698]
Event: 3.298 Thread 0x00000000083fe800  151             com.android.dx.rop.code.BasicBlockList$RegCountVisitor::visit (52 bytes)
Event: 3.303 Thread 0x00000000083fe800 nmethod 151 0x00000000025dc610 code [0x00000000025dc760, 0x00000000025dc9b8]
Event: 3.403 Thread 0x00000000083f5000 nmethod 148 0x00000000025e9e50 code [0x00000000025ea140, 0x00000000025ec700]
Event: 3.473 Thread 0x00000000083fe800  152             com.android.dx.ssa.DeadCodeRemover::access$000 (5 bytes)
Event: 3.476 Thread 0x00000000083fe800 nmethod 152 0x00000000025dbfd0 code [0x00000000025dc120, 0x00000000025dc2b8]
Event: 3.502 Thread 0x00000000083f5000  153             com.android.dx.ssa.DeadCodeRemover$NoSideEffectVisitor::visitNonMoveInsn (28 bytes)
Event: 3.508 Thread 0x00000000083f5000 nmethod 153 0x00000000025e0750 code [0x00000000025e08c0, 0x00000000025e0ba8]
Event: 3.611 Thread 0x00000000083fe800  154             com.android.dx.ssa.SsaMethod::forEachBlockDepthFirst (194 bytes)

GC Heap History (2 events):
Event: 3.172 GC heap before
{Heap before GC invocations=1 (full 0):
 PSYoungGen      total 18944K, used 16384K [0x00000000eaa80000, 0x00000000ebf80000, 0x0000000100000000)
  eden space 16384K, 100% used [0x00000000eaa80000,0x00000000eba80000,0x00000000eba80000)
  from space 2560K, 0% used [0x00000000ebd00000,0x00000000ebd00000,0x00000000ebf80000)
  to   space 2560K, 0% used [0x00000000eba80000,0x00000000eba80000,0x00000000ebd00000)
 ParOldGen       total 42496K, used 0K [0x00000000c0000000, 0x00000000c2980000, 0x00000000eaa80000)
  object space 42496K, 0% used [0x00000000c0000000,0x00000000c0000000,0x00000000c2980000)
 PSPermGen       total 21504K, used 5336K [0x00000000bae00000, 0x00000000bc300000, 0x00000000c0000000)
  object space 21504K, 24% used [0x00000000bae00000,0x00000000bb3363b8,0x00000000bc300000)
Event: 3.217 GC heap after
Heap after GC invocations=1 (full 0):
 PSYoungGen      total 18944K, used 2538K [0x00000000eaa80000, 0x00000000ebf80000, 0x0000000100000000)
  eden space 16384K, 0% used [0x00000000eaa80000,0x00000000eaa80000,0x00000000eba80000)
  from space 2560K, 99% used [0x00000000eba80000,0x00000000ebcfaaa8,0x00000000ebd00000)
  to   space 2560K, 0% used [0x00000000ebd00000,0x00000000ebd00000,0x00000000ebf80000)
 ParOldGen       total 42496K, used 1632K [0x00000000c0000000, 0x00000000c2980000, 0x00000000eaa80000)
  object space 42496K, 3% used [0x00000000c0000000,0x00000000c0198060,0x00000000c2980000)
 PSPermGen       total 21504K, used 5336K [0x00000000bae00000, 0x00000000bc300000, 0x00000000c0000000)
  object space 21504K, 24% used [0x00000000bae00000,0x00000000bb3363b8,0x00000000bc300000)
}

Deoptimization events (6 events):
Event: 2.099 Thread 0x000000000233d800 Uncommon trap: reason=null_check action=make_not_entrant pc=0x00000000025bf3d8 method=com.android.dx.rop.code.LocalItem.equals(Ljava/lang/Object;)Z @ 1
Event: 3.227 Thread 0x000000000233d800 Uncommon trap: reason=class_check action=maybe_recompile pc=0x00000000025cc1fc method=com.android.dx.ssa.NormalSsaInsn.accept(Lcom/android/dx/ssa/SsaInsn$Visitor;)V @ 9
Event: 3.227 Thread 0x000000000233d800 Uncommon trap: reason=class_check action=maybe_recompile pc=0x00000000025cc1fc method=com.android.dx.ssa.NormalSsaInsn.accept(Lcom/android/dx/ssa/SsaInsn$Visitor;)V @ 9
Event: 3.227 Thread 0x000000000233d800 Uncommon trap: reason=class_check action=maybe_recompile pc=0x00000000025cc1fc method=com.android.dx.ssa.NormalSsaInsn.accept(Lcom/android/dx/ssa/SsaInsn$Visitor;)V @ 9
Event: 3.227 Thread 0x000000000233d800 Uncommon trap: reason=class_check action=maybe_recompile pc=0x00000000025cc1fc method=com.android.dx.ssa.NormalSsaInsn.accept(Lcom/android/dx/ssa/SsaInsn$Visitor;)V @ 9
Event: 3.228 Thread 0x000000000233d800 Uncommon trap: reason=class_check action=maybe_recompile pc=0x00000000025b1a74 method=com.android.dx.ssa.NormalSsaInsn.accept(Lcom/android/dx/ssa/SsaInsn$Visitor;)V @ 9

Internal exceptions (10 events):
Event: 1.359 Thread 0x000000000233d800 Threw 0x00000000eb2833e8 at C:\re\jdk7u45\229\hotspot\src\share\vm\prims\jvm.cpp:1244
Event: 1.361 Thread 0x000000000233d800 Threw 0x00000000eb2883c0 at C:\re\jdk7u45\229\hotspot\src\share\vm\prims\jvm.cpp:1244
Event: 1.493 Thread 0x000000000233d800 Threw 0x00000000eb33be98 at C:\re\jdk7u45\229\hotspot\src\share\vm\prims\jvm.cpp:1244
Event: 1.625 Thread 0x000000000233d800 Threw 0x00000000eb3bc178 at C:\re\jdk7u45\229\hotspot\src\share\vm\prims\jvm.cpp:1244
Event: 1.626 Thread 0x000000000233d800 Threw 0x00000000eb3be5e8 at C:\re\jdk7u45\229\hotspot\src\share\vm\prims\jvm.cpp:1244
Event: 1.628 Thread 0x000000000233d800 Threw 0x00000000eb3ca3b0 at C:\re\jdk7u45\229\hotspot\src\share\vm\prims\jvm.cpp:1244
Event: 1.893 Thread 0x000000000233d800 Threw 0x00000000eb47cc88 at C:\re\jdk7u45\229\hotspot\src\share\vm\prims\jvm.cpp:1244
Event: 1.893 Thread 0x000000000233d800 Threw 0x00000000eb482408 at C:\re\jdk7u45\229\hotspot\src\share\vm\prims\jvm.cpp:1244
Event: 1.894 Thread 0x000000000233d800 Threw 0x00000000eb487910 at C:\re\jdk7u45\229\hotspot\src\share\vm\prims\jvm.cpp:1244
Event: 2.099 Thread 0x000000000233d800 Implicit null exception at 0x00000000025befd9 to 0x00000000025bf3c5

Events (10 events):
Event: 3.227 Thread 0x000000000233d800 DEOPT PACKING pc=0x00000000025cc1fc sp=0x000000000243e690
Event: 3.227 Thread 0x000000000233d800 DEOPT UNPACKING pc=0x00000000025775a4 sp=0x000000000243e5d0 mode 2
Event: 3.227 Thread 0x000000000233d800 Uncommon trap: trap_request=0xffffffde fr.pc=0x00000000025cc1fc
Event: 3.227 Thread 0x000000000233d800 DEOPT PACKING pc=0x00000000025cc1fc sp=0x000000000243e8d0
Event: 3.227 Thread 0x000000000233d800 DEOPT UNPACKING pc=0x00000000025775a4 sp=0x000000000243e820 mode 2
Event: 3.228 Thread 0x000000000233d800 Uncommon trap: trap_request=0xffffffde fr.pc=0x00000000025b1a74
Event: 3.228 Thread 0x000000000233d800 DEOPT PACKING pc=0x00000000025b1a74 sp=0x000000000243e900
Event: 3.228 Thread 0x000000000233d800 DEOPT UNPACKING pc=0x00000000025775a4 sp=0x000000000243e850 mode 2
Event: 3.470 loading class 0x00000000024b9a00
Event: 3.470 loading class 0x00000000024b9a00 done


Dynamic libraries:
0x00007ff6ee270000 - 0x00007ff6ee2a3000 	C:\Program Files\Java\jdk1.7.0_45\bin\java.exe
0x00007ffd49030000 - 0x00007ffd491d9000 	C:\Windows\SYSTEM32\ntdll.dll
0x00007ffd46f40000 - 0x00007ffd47079000 	C:\Windows\system32\KERNEL32.DLL
0x00007ffd46480000 - 0x00007ffd4658e000 	C:\Windows\system32\KERNELBASE.dll
0x00007ffd44fe0000 - 0x00007ffd4506b000 	C:\Windows\system32\apphelp.dll
0x00007ffd27940000 - 0x00007ffd2798f000 	C:\Windows\AppPatch\AppPatch64\AcGenral.DLL
0x00007ffd478d0000 - 0x00007ffd47977000 	C:\Windows\system32\msvcrt.dll
0x00007ffd46260000 - 0x00007ffd4628b000 	C:\Windows\SYSTEM32\SspiCli.dll
0x00007ffd47790000 - 0x00007ffd477e1000 	C:\Windows\system32\SHLWAPI.dll
0x00007ffd47a90000 - 0x00007ffd47c01000 	C:\Windows\system32\USER32.dll
0x00007ffd468c0000 - 0x00007ffd46a36000 	C:\Windows\system32\ole32.dll
0x00007ffd47c10000 - 0x00007ffd4901f000 	C:\Windows\system32\SHELL32.dll
0x00007ffd45d40000 - 0x00007ffd45d5f000 	C:\Windows\SYSTEM32\USERENV.dll
0x00007ffd47980000 - 0x00007ffd47a25000 	C:\Windows\system32\ADVAPI32.dll
0x00007ffd3da70000 - 0x00007ffd3da8b000 	C:\Windows\SYSTEM32\MPR.dll
0x00007ffd475e0000 - 0x00007ffd47716000 	C:\Windows\system32\RPCRT4.dll
0x00007ffd47720000 - 0x00007ffd47777000 	C:\Windows\SYSTEM32\sechost.dll
0x00007ffd47400000 - 0x00007ffd475d7000 	C:\Windows\SYSTEM32\combase.dll
0x00007ffd47130000 - 0x00007ffd47275000 	C:\Windows\system32\GDI32.dll
0x00007ffd463b0000 - 0x00007ffd463c4000 	C:\Windows\SYSTEM32\profapi.dll
0x00007ffd449e0000 - 0x00007ffd44a81000 	C:\Windows\SYSTEM32\SHCORE.dll
0x00007ffd473c0000 - 0x00007ffd473f4000 	C:\Windows\system32\IMM32.DLL
0x00007ffd47280000 - 0x00007ffd473b8000 	C:\Windows\system32\MSCTF.dll
0x00007ffd445a0000 - 0x00007ffd447fa000 	C:\Windows\WinSxS\amd64_microsoft.windows.common-controls_6595b64144ccf1df_6.0.9600.16384_none_62475f7becb72503\COMCTL32.dll
0x000000005a950000 - 0x000000005aa22000 	C:\Program Files\Java\jdk1.7.0_45\jre\bin\msvcr100.dll
0x000000005ac10000 - 0x000000005b3d9000 	C:\Program Files\Java\jdk1.7.0_45\jre\bin\server\jvm.dll
0x00007ffd443a0000 - 0x00007ffd443a9000 	C:\Windows\SYSTEM32\WSOCK32.dll
0x00007ffd43fc0000 - 0x00007ffd43fdf000 	C:\Windows\SYSTEM32\WINMM.dll
0x00007ffd47780000 - 0x00007ffd47787000 	C:\Windows\system32\PSAPI.DLL
0x00007ffd47a30000 - 0x00007ffd47a88000 	C:\Windows\system32\WS2_32.dll
0x00007ffd43f20000 - 0x00007ffd43f4a000 	C:\Windows\SYSTEM32\WINMMBASE.dll
0x00007ffd49020000 - 0x00007ffd49029000 	C:\Windows\system32\NSI.dll
0x00007ffd46870000 - 0x00007ffd468ba000 	C:\Windows\SYSTEM32\cfgmgr32.dll
0x00007ffd45250000 - 0x00007ffd45276000 	C:\Windows\SYSTEM32\DEVOBJ.dll
0x000000005e510000 - 0x000000005e51f000 	C:\Program Files\Java\jdk1.7.0_45\jre\bin\verify.dll
0x000000005e4e0000 - 0x000000005e508000 	C:\Program Files\Java\jdk1.7.0_45\jre\bin\java.dll
0x000000005e2d0000 - 0x000000005e2e5000 	C:\Program Files\Java\jdk1.7.0_45\jre\bin\zip.dll
0x000000005abf0000 - 0x000000005ac09000 	C:\Program Files\Java\jdk1.7.0_45\jre\bin\net.dll
0x00007ffd45ca0000 - 0x00007ffd45cf8000 	C:\Windows\system32\mswsock.dll
0x000000005abd0000 - 0x000000005abe1000 	C:\Program Files\Java\jdk1.7.0_45\jre\bin\nio.dll

VM Arguments:
jvm_args: -Xmx1024M -Dfile.encoding=windows-1252 -Duser.country=US -Duser.language=en -Duser.variant 
java_command: com.android.dx.command.Main --dex --output C:\Users\ArrivalDwiS\Documents\workspace\Kandani-master\app\build\intermediates\pre-dexed\debug\classes-ed95d9858ed68d2a12d38730e4061477d499d753.jar C:\Users\ArrivalDwiS\Documents\workspace\Kandani-master\app\build\intermediates\exploded-aar\com.wdullaer\materialdatetimepicker\1.2.1\jars\classes.jar
Launcher Type: SUN_STANDARD

Environment Variables:
JAVA_HOME=C:\Program Files\Java\jre7
PATH=C:\Program Files\ImageMagick-6.9.1-Q16;C:\Perl64\site\bin;C:\Perl64\bin;C:\ProgramData\Oracle\Java\javapath;C:\Windows\system32;C:\Windows;C:\Windows\System32\Wbem;C:\Windows\System32\WindowsPowerShell\v1.0\;C:\Program Files\TortoiseGit\bin;C:\xampp\php;C:\ProgramData\ComposerSetup\bin;C:\Program Files\Microsoft SQL Server\110\Tools\Binn\;C:\Program Files\Microsoft SQL Server\110\DTS\Binn\;C:\Program Files (x86)\Microsoft SQL Server\110\Tools\Binn\;C:\Program Files (x86)\Microsoft SQL Server\110\Tools\Binn\ManagementStudio\;C:\Program Files (x86)\Microsoft Visual Studio 10.0\Common7\IDE\PrivateAssemblies\;C:\Program Files (x86)\Microsoft SQL Server\110\DTS\Binn\;C:\Program Files\Microsoft\Web Platform Installer\;C:\Program Files (x86)\Microsoft ASP.NET\ASP.NET Web Pages\v1.0\;C:\Program Files (x86)\Windows Kits\8.0\Windows Performance Toolkit\;C:\Program Files (x86)\QuickTime\QTSystem\;C:\Program Files (x86)\GtkSharp\2.12\bin;C:\Program Files\Java\jdk1.7.0_45\bin;;C:\Program Files (x86)\NVIDIA Corporation\PhysX\Common;C:\Program Files\nodejs\;C:\Users\ArrivalDwiS\AppData\Roaming\npm;C:\Program Files (x86)\Git\bin
USERNAME=ArrivalDwiS
OS=Windows_NT
PROCESSOR_IDENTIFIER=Intel64 Family 6 Model 69 Stepping 1, GenuineIntel



---------------  S Y S T E M  ---------------

OS: Windows 8 , 64 bit Build 9200 

CPU:total 4 (2 cores per cpu, 2 threads per core) family 6 model 69 stepping 1, cmov, cx8, fxsr, mmx, sse, sse2, sse3, ssse3, sse4.1, sse4.2, popcnt, avx, avx2, aes, erms, ht, tsc, tscinvbit

Memory: 4k page, physical 4095984k(840344k free), swap 16678896k(5184k free)

vm_info: Java HotSpot(TM) 64-Bit Server VM (24.45-b08) for windows-amd64 JRE (1.7.0_45-b18), built on Oct  8 2013 05:47:22 by "java_re" with unknown MS VC++:1600

time: Thu Jun 04 21:33:46 2015
elapsed time: 3 seconds

