#
# There is insufficient memory for the Java Runtime Environment to continue.
# Native memory allocation (malloc) failed to allocate 1048576 bytes for AllocateHeap
# Possible reasons:
#   The system is out of physical RAM or swap space
#   In 32 bit mode, the process size limit was hit
# Possible solutions:
#   Reduce memory load on the system
#   Increase physical memory or swap space
#   Check if swap backing store is full
#   Use 64 bit Java on a 64 bit OS
#   Decrease Java heap size (-Xmx/-Xms)
#   Decrease number of Java threads
#   Decrease Java thread stack sizes (-Xss)
#   Set larger code cache with -XX:ReservedCodeCacheSize=
# This output file may be truncated or incomplete.
#
#  Out of Memory Error (memory/allocation.inline.hpp:61), pid=4568, tid=8536
#
# JRE version:  (7.0_45-b18) (build )
# Java VM: Java HotSpot(TM) 64-Bit Server VM (24.45-b08 mixed mode windows-amd64 compressed oops)
# Failed to write core dump. Minidumps are not enabled by default on client versions of Windows
#

---------------  T H R E A D  ---------------

Current thread (0x00000000026f2800):  JavaThread "Unknown thread" [_thread_in_vm, id=8536, stack(0x00000000025a0000,0x00000000026a0000)]

Stack: [0x00000000025a0000,0x00000000026a0000]

---------------  P R O C E S S  ---------------

Java Threads: ( => current thread )

Other Threads:

=>0x00000000026f2800 (exited) JavaThread "Unknown thread" [_thread_in_vm, id=8536, stack(0x00000000025a0000,0x00000000026a0000)]

VM state:not at safepoint (normal execution)

VM Mutex/Monitor currently owned by a thread: None

Heap
 PSYoungGen      total 18944K, used 327K [0x00000000eaa80000, 0x00000000ebf80000, 0x0000000100000000)
  eden space 16384K, 2% used [0x00000000eaa80000,0x00000000eaad1f28,0x00000000eba80000)
  from space 2560K, 0% used [0x00000000ebd00000,0x00000000ebd00000,0x00000000ebf80000)
  to   space 2560K, 0% used [0x00000000eba80000,0x00000000eba80000,0x00000000ebd00000)
 ParOldGen       total 42496K, used 0K [0x00000000c0000000, 0x00000000c2980000, 0x00000000eaa80000)
  object space 42496K, 0% used [0x00000000c0000000,0x00000000c0000000,0x00000000c2980000)
 PSPermGen       total 21504K, used 673K [0x00000000bae00000, 0x00000000bc300000, 0x00000000c0000000)
  object space 21504K, 3% used [0x00000000bae00000,0x00000000baea8570,0x00000000bc300000)

Card table byte_map: [0x0000000005960000,0x0000000005b90000] byte_map_base: 0x0000000005389000

Polling page: 0x00000000026a0000

Code Cache  [0x00000000028a0000, 0x0000000002b10000, 0x00000000058a0000)
 total_blobs=38 nmethods=0 adapters=20 free_code_cache=48889Kb largest_free_block=50062528

Compilation events (0 events):
No events

GC Heap History (0 events):
No events

Deoptimization events (0 events):
No events

Internal exceptions (0 events):
No events

Events (10 events):
Event: 0.019 loading class 0x0000000002737260
Event: 0.019 loading class 0x0000000002737260 done
Event: 0.019 loading class 0x00000000027372b0
Event: 0.019 loading class 0x00000000027372b0 done
Event: 0.019 loading class 0x0000000002737300
Event: 0.019 loading class 0x0000000002737300 done
Event: 0.020 loading class 0x0000000002738060
Event: 0.020 loading class 0x0000000002738060 done
Event: 0.020 loading class 0x0000000002737c80
Event: 0.020 loading class 0x0000000002737c80 done


Dynamic libraries:
0x00007ff6e7c00000 - 0x00007ff6e7c33000 	C:\Program Files\Java\jdk1.7.0_45\bin\java.exe
0x00007ffd49030000 - 0x00007ffd491d9000 	C:\Windows\SYSTEM32\ntdll.dll
0x00007ffd46f40000 - 0x00007ffd47079000 	C:\Windows\system32\KERNEL32.DLL
0x00007ffd46480000 - 0x00007ffd4658e000 	C:\Windows\system32\KERNELBASE.dll
0x00007ffd44fe0000 - 0x00007ffd4506b000 	C:\Windows\system32\apphelp.dll
0x00007ffd40780000 - 0x00007ffd407cf000 	C:\Windows\AppPatch\AppPatch64\AcGenral.DLL
0x00007ffd478d0000 - 0x00007ffd47977000 	C:\Windows\system32\msvcrt.dll
0x00007ffd46260000 - 0x00007ffd4628b000 	C:\Windows\SYSTEM32\SspiCli.dll
0x00007ffd47790000 - 0x00007ffd477e1000 	C:\Windows\system32\SHLWAPI.dll
0x00007ffd47a90000 - 0x00007ffd47c01000 	C:\Windows\system32\USER32.dll
0x00007ffd468c0000 - 0x00007ffd46a36000 	C:\Windows\system32\ole32.dll
0x00007ffd47c10000 - 0x00007ffd4901f000 	C:\Windows\system32\SHELL32.dll
0x00007ffd45d40000 - 0x00007ffd45d5f000 	C:\Windows\SYSTEM32\USERENV.dll
0x00007ffd47980000 - 0x00007ffd47a25000 	C:\Windows\system32\ADVAPI32.dll
0x00007ffd3da70000 - 0x00007ffd3da8b000 	C:\Windows\SYSTEM32\MPR.dll
0x00007ffd475e0000 - 0x00007ffd47716000 	C:\Windows\system32\RPCRT4.dll
0x00007ffd47720000 - 0x00007ffd47777000 	C:\Windows\SYSTEM32\sechost.dll
0x00007ffd47400000 - 0x00007ffd475d7000 	C:\Windows\SYSTEM32\combase.dll
0x00007ffd47130000 - 0x00007ffd47275000 	C:\Windows\system32\GDI32.dll
0x00007ffd463b0000 - 0x00007ffd463c4000 	C:\Windows\SYSTEM32\profapi.dll
0x00007ffd449e0000 - 0x00007ffd44a81000 	C:\Windows\SYSTEM32\SHCORE.dll
0x00007ffd473c0000 - 0x00007ffd473f4000 	C:\Windows\system32\IMM32.DLL
0x00007ffd47280000 - 0x00007ffd473b8000 	C:\Windows\system32\MSCTF.dll
0x00007ffd445a0000 - 0x00007ffd447fa000 	C:\Windows\WinSxS\amd64_microsoft.windows.common-controls_6595b64144ccf1df_6.0.9600.16384_none_62475f7becb72503\COMCTL32.dll
0x000000005a960000 - 0x000000005aa32000 	C:\Program Files\Java\jdk1.7.0_45\jre\bin\msvcr100.dll
0x000000005ac10000 - 0x000000005b3d9000 	C:\Program Files\Java\jdk1.7.0_45\jre\bin\server\jvm.dll
0x00007ffd443b0000 - 0x00007ffd443b9000 	C:\Windows\SYSTEM32\WSOCK32.dll
0x00007ffd43fc0000 - 0x00007ffd43fdf000 	C:\Windows\SYSTEM32\WINMM.dll
0x00007ffd47780000 - 0x00007ffd47787000 	C:\Windows\system32\PSAPI.DLL
0x00007ffd47a30000 - 0x00007ffd47a88000 	C:\Windows\system32\WS2_32.dll
0x00007ffd43f20000 - 0x00007ffd43f4a000 	C:\Windows\SYSTEM32\WINMMBASE.dll
0x00007ffd49020000 - 0x00007ffd49029000 	C:\Windows\system32\NSI.dll
0x00007ffd46870000 - 0x00007ffd468ba000 	C:\Windows\SYSTEM32\cfgmgr32.dll
0x00007ffd45250000 - 0x00007ffd45276000 	C:\Windows\SYSTEM32\DEVOBJ.dll
0x000000005e510000 - 0x000000005e51f000 	C:\Program Files\Java\jdk1.7.0_45\jre\bin\verify.dll
0x000000005e4e0000 - 0x000000005e508000 	C:\Program Files\Java\jdk1.7.0_45\jre\bin\java.dll
0x000000005e450000 - 0x000000005e465000 	C:\Program Files\Java\jdk1.7.0_45\jre\bin\zip.dll

VM Arguments:
jvm_args: -Xmx1024M -Dfile.encoding=windows-1252 -Duser.country=US -Duser.language=en -Duser.variant 
java_command: com.android.dx.command.Main --dex --output C:\Users\ArrivalDwiS\Documents\workspace\Kandani-master\app\build\intermediates\dex\release C:\Users\ArrivalDwiS\Documents\workspace\Kandani-master\app\build\intermediates\classes-proguard\release\classes.jar
Launcher Type: SUN_STANDARD

Environment Variables:
JAVA_HOME=C:\Program Files\Java\jre7
PATH=C:\Program Files\ImageMagick-6.9.1-Q16;C:\Perl64\site\bin;C:\Perl64\bin;C:\ProgramData\Oracle\Java\javapath;C:\Windows\system32;C:\Windows;C:\Windows\System32\Wbem;C:\Windows\System32\WindowsPowerShell\v1.0\;C:\Program Files\TortoiseGit\bin;C:\xampp\php;C:\ProgramData\ComposerSetup\bin;C:\Program Files\Microsoft SQL Server\110\Tools\Binn\;C:\Program Files\Microsoft SQL Server\110\DTS\Binn\;C:\Program Files (x86)\Microsoft SQL Server\110\Tools\Binn\;C:\Program Files (x86)\Microsoft SQL Server\110\Tools\Binn\ManagementStudio\;C:\Program Files (x86)\Microsoft Visual Studio 10.0\Common7\IDE\PrivateAssemblies\;C:\Program Files (x86)\Microsoft SQL Server\110\DTS\Binn\;C:\Program Files\Microsoft\Web Platform Installer\;C:\Program Files (x86)\Microsoft ASP.NET\ASP.NET Web Pages\v1.0\;C:\Program Files (x86)\Windows Kits\8.0\Windows Performance Toolkit\;C:\Program Files (x86)\QuickTime\QTSystem\;C:\Program Files (x86)\GtkSharp\2.12\bin;C:\Program Files\Java\jdk1.7.0_45\bin;;C:\Program Files (x86)\NVIDIA Corporation\PhysX\Common;C:\Program Files\nodejs\;C:\Users\ArrivalDwiS\AppData\Roaming\npm;C:\Program Files (x86)\Git\bin
USERNAME=ArrivalDwiS
OS=Windows_NT
PROCESSOR_IDENTIFIER=Intel64 Family 6 Model 69 Stepping 1, GenuineIntel



---------------  S Y S T E M  ---------------

OS: Windows 8 , 64 bit Build 9200 

CPU:total 4 (2 cores per cpu, 2 threads per core) family 6 model 69 stepping 1, cmov, cx8, fxsr, mmx, sse, sse2, sse3, ssse3, sse4.1, sse4.2, popcnt, avx, avx2, aes, erms, ht, tsc, tscinvbit

Memory: 4k page, physical 4095984k(599640k free), swap 16678896k(5728k free)

vm_info: Java HotSpot(TM) 64-Bit Server VM (24.45-b08) for windows-amd64 JRE (1.7.0_45-b18), built on Oct  8 2013 05:47:22 by "java_re" with unknown MS VC++:1600

time: Thu Jun 04 18:51:23 2015
elapsed time: 0 seconds

